The following values were not passed to `accelerate launch` and had defaults used instead:
	`--num_processes` was set to a value of `4`
	`--num_machines` was set to a value of `1`
	`--dynamo_backend` was set to a value of `'no'`
To avoid this warning pass in values for each of the problematic parameters or run `accelerate config`.
2024-12-11 08:06:19.558910: E external/local_xla/xla/stream_executor/cuda/cuda_fft.cc:477] Unable to register cuFFT factory: Attempting to register factory for plugin cuFFT when one has already been registered
2024-12-11 08:06:19.558910: E external/local_xla/xla/stream_executor/cuda/cuda_fft.cc:477] Unable to register cuFFT factory: Attempting to register factory for plugin cuFFT when one has already been registered
2024-12-11 08:06:19.558910: E external/local_xla/xla/stream_executor/cuda/cuda_fft.cc:477] Unable to register cuFFT factory: Attempting to register factory for plugin cuFFT when one has already been registered
2024-12-11 08:06:19.558909: E external/local_xla/xla/stream_executor/cuda/cuda_fft.cc:477] Unable to register cuFFT factory: Attempting to register factory for plugin cuFFT when one has already been registered
WARNING: All log messages before absl::InitializeLog() is called are written to STDERR
WARNING: All log messages before absl::InitializeLog() is called are written to STDERR
WARNING: All log messages before absl::InitializeLog() is called are written to STDERR
WARNING: All log messages before absl::InitializeLog() is called are written to STDERR
E0000 00:00:1733900779.612104  215431 cuda_dnn.cc:8310] Unable to register cuDNN factory: Attempting to register factory for plugin cuDNN when one has already been registered
E0000 00:00:1733900779.612103  215434 cuda_dnn.cc:8310] Unable to register cuDNN factory: Attempting to register factory for plugin cuDNN when one has already been registered
E0000 00:00:1733900779.612102  215432 cuda_dnn.cc:8310] Unable to register cuDNN factory: Attempting to register factory for plugin cuDNN when one has already been registered
E0000 00:00:1733900779.612110  215433 cuda_dnn.cc:8310] Unable to register cuDNN factory: Attempting to register factory for plugin cuDNN when one has already been registered
E0000 00:00:1733900779.629571  215431 cuda_blas.cc:1418] Unable to register cuBLAS factory: Attempting to register factory for plugin cuBLAS when one has already been registered
E0000 00:00:1733900779.629571  215434 cuda_blas.cc:1418] Unable to register cuBLAS factory: Attempting to register factory for plugin cuBLAS when one has already been registered
E0000 00:00:1733900779.629582  215432 cuda_blas.cc:1418] Unable to register cuBLAS factory: Attempting to register factory for plugin cuBLAS when one has already been registered
E0000 00:00:1733900779.629583  215433 cuda_blas.cc:1418] Unable to register cuBLAS factory: Attempting to register factory for plugin cuBLAS when one has already been registered
/cluster/home/ckeusch/miniconda3/envs/CDiffSD/lib/python3.11/site-packages/torch/nn/modules/conv.py:306: UserWarning: Applied workaround for CuDNN issue, install nvrtc.so (Triggered internally at /opt/conda/conda-bld/pytorch_1708025842427/work/aten/src/ATen/native/cudnn/Conv_v8.cpp:80.)
  return F.conv1d(input, weight, bias, self.stride,
/cluster/home/ckeusch/miniconda3/envs/CDiffSD/lib/python3.11/site-packages/torch/nn/modules/conv.py:306: UserWarning: Applied workaround for CuDNN issue, install nvrtc.so (Triggered internally at /opt/conda/conda-bld/pytorch_1708025842427/work/aten/src/ATen/native/cudnn/Conv_v8.cpp:80.)
  return F.conv1d(input, weight, bias, self.stride,
/cluster/home/ckeusch/miniconda3/envs/CDiffSD/lib/python3.11/site-packages/torch/nn/modules/conv.py:306: UserWarning: Applied workaround for CuDNN issue, install nvrtc.so (Triggered internally at /opt/conda/conda-bld/pytorch_1708025842427/work/aten/src/ATen/native/cudnn/Conv_v8.cpp:80.)
  return F.conv1d(input, weight, bias, self.stride,
/cluster/home/ckeusch/miniconda3/envs/CDiffSD/lib/python3.11/site-packages/torch/nn/modules/conv.py:306: UserWarning: Applied workaround for CuDNN issue, install nvrtc.so (Triggered internally at /opt/conda/conda-bld/pytorch_1708025842427/work/aten/src/ATen/native/cudnn/Conv_v8.cpp:80.)
  return F.conv1d(input, weight, bias, self.stride,
slurmstepd: error: *** JOB 18036827 ON eu-g3-072 CANCELLED AT 2024-12-11T08:10:18 ***
